2016-01-07 21:38:58.2881 |                INFO |                Start application |                Ufo.Commander.App 
2016-01-07 21:40:08.5984 |                INFO |                Start application |                Ufo.Commander.App 
2016-01-07 21:40:32.8741 |                INFO |                Start application |                Ufo.Commander.App 
2016-01-07 21:40:55.3319 |                INFO |                Start application |                Ufo.Commander.App 
2016-01-07 21:41:42.3394 |                INFO |                Start application |                Ufo.Commander.App 
2016-01-07 21:42:52.6041 |                INFO |                Start application |                Ufo.Commander.App 
2016-01-07 21:44:20.4197 |                INFO |                Start application |                Ufo.Commander.App 
2016-01-07 21:45:06.8254 |                FATAL |                Unhandler exception thrown! |                Ufo.Commander.App 
System.Windows.Markup.XamlParseException: Zeilennummer "8" und Zeilenposition "9" von "Durch den Aufruf des Konstruktors für Typ "Ufo.Commander.Views.MainWindow", der den angegebenen Bindungseinschränkungen entspricht, wurde eine Ausnahme ausgelöst.". ---> System.AccessViolationException: Es wurde versucht, im geschützten Speicher zu lesen oder zu schreiben. Dies ist häufig ein Hinweis darauf, dass anderer Speicher beschädigt ist.
   bei MS.Win32.UnsafeNativeMethods.DispatchMessage(MSG& msg)
   bei System.Windows.Threading.Dispatcher.PushFrameImpl(DispatcherFrame frame)
   bei System.Windows.Threading.Dispatcher.PushFrame(DispatcherFrame frame)
   bei System.Windows.Window.ShowHelper(Object booleanBox)
   bei System.Windows.Window.Show()
   bei System.Windows.Window.ShowDialog()
   bei Ufo.Commander.Views.MainWindow..ctor() in E:\Fachhochschule\FH\Dropbox\Dropbox\FH\Semester5\SWK5\Project\Ufo\Ufo.Commander\Views\MainWindow.xaml.cs:Zeile 39.
   --- Ende der internen Ausnahmestapelüberwachung ---
   bei System.Windows.Markup.WpfXamlLoader.Load(XamlReader xamlReader, IXamlObjectWriterFactory writerFactory, Boolean skipJournaledProperties, Object rootObject, XamlObjectWriterSettings settings, Uri baseUri)
   bei System.Windows.Markup.WpfXamlLoader.LoadBaml(XamlReader xamlReader, Boolean skipJournaledProperties, Object rootObject, XamlAccessLevel accessLevel, Uri baseUri)
   bei System.Windows.Markup.XamlReader.LoadBaml(Stream stream, ParserContext parserContext, Object parent, Boolean closeStream)
   bei System.Windows.Application.LoadBamlStreamWithSyncInfo(Stream stream, ParserContext pc)
   bei System.Windows.Application.LoadComponent(Uri resourceLocator, Boolean bSkipJournaledProperties)
   bei System.Windows.Application.DoStartup()
   bei System.Windows.Application.<_ctor>b__0(Object unused)
   bei System.Windows.Threading.ExceptionWrapper.InternalRealCall(Delegate callback, Object args, Int32 numArgs)
   bei System.Windows.Threading.ExceptionWrapper.TryCatchWhen(Object source, Delegate callback, Object args, Int32 numArgs, Delegate catchHandler)
2016-01-07 21:45:14.2916 |                INFO |                Start application |                Ufo.Commander.App 
2016-01-07 21:46:18.1419 |                INFO |                Start application |                Ufo.Commander.App 
2016-01-07 21:48:54.8937 |                INFO |                Start application |                Ufo.Commander.App 
2016-01-07 21:50:16.1737 |                INFO |                Start application |                Ufo.Commander.App 
2016-01-07 21:50:58.4632 |                INFO |                Start application |                Ufo.Commander.App 
2016-01-07 21:51:49.3471 |                INFO |                Start application |                Ufo.Commander.App 
2016-01-07 21:53:03.0873 |                INFO |                Start application |                Ufo.Commander.App 
2016-01-07 21:57:17.7129 |                INFO |                Start application |                Ufo.Commander.App 
