2015-12-20 22:00:38.1666 |                INFO |                Start application |                Ufo.Commander.App 
2015-12-20 22:10:51.8467 |                INFO |                Start application |                Ufo.Commander.App 
2015-12-20 22:19:19.7747 |                INFO |                Start application |                Ufo.Commander.App 
2015-12-20 22:21:45.2350 |                INFO |                Start application |                Ufo.Commander.App 
2015-12-20 22:23:08.3568 |                INFO |                Start application |                Ufo.Commander.App 
2015-12-20 22:23:39.1125 |                INFO |                Start application |                Ufo.Commander.App 
2015-12-20 22:30:53.2604 |                INFO |                Start application |                Ufo.Commander.App 
2015-12-20 22:32:03.2154 |                INFO |                Start application |                Ufo.Commander.App 
2015-12-20 22:33:46.7523 |                INFO |                Start application |                Ufo.Commander.App 
2015-12-20 22:37:13.4611 |                INFO |                Start application |                Ufo.Commander.App 
2015-12-20 22:46:35.3353 |                INFO |                Start application |                Ufo.Commander.App 
2015-12-20 22:50:39.7362 |                INFO |                Start application |                Ufo.Commander.App 
2015-12-20 22:50:56.7982 |                FATAL |                Unhandler exception thrown! |                Ufo.Commander.App 
System.InvalidOperationException: Der Name "ErrorsSummaryContainer" kann im Namensbereich von "System.Windows.Controls.StackPanel" nicht gefunden werden.
   bei System.Windows.Media.Animation.Storyboard.ResolveTargetName(String targetName, INameScope nameScope, DependencyObject element)
   bei System.Windows.Media.Animation.Storyboard.ClockTreeWalkRecursive(Clock currentClock, DependencyObject containingObject, INameScope nameScope, DependencyObject parentObject, String parentObjectName, PropertyPath parentPropertyPath, HandoffBehavior handoffBehavior, HybridDictionary clockMappings, Int64 layer)
   bei System.Windows.Media.Animation.Storyboard.ClockTreeWalkRecursive(Clock currentClock, DependencyObject containingObject, INameScope nameScope, DependencyObject parentObject, String parentObjectName, PropertyPath parentPropertyPath, HandoffBehavior handoffBehavior, HybridDictionary clockMappings, Int64 layer)
   bei System.Windows.Media.Animation.Storyboard.BeginCommon(DependencyObject containingObject, INameScope nameScope, HandoffBehavior handoffBehavior, Boolean isControllable, Int64 layer)
   bei System.Windows.VisualStateGroup.StartNewThenStopOld(FrameworkElement element, Storyboard[] newStoryboards)
   bei System.Windows.VisualStateManager.GoToStateInternal(FrameworkElement control, FrameworkElement stateGroupsRoot, VisualStateGroup group, VisualState state, Boolean useTransitions)
   bei System.Windows.VisualStateManager.GoToStateCommon(FrameworkElement control, FrameworkElement stateGroupsRoot, String stateName, Boolean useTransitions)
   bei System.Windows.VisualStateManager.GoToState(FrameworkElement control, String stateName, Boolean useTransitions)
   bei Microsoft.Expression.Interactivity.VisualStateUtilities.GoToState(FrameworkElement element, String stateName, Boolean useTransitions)
   bei Microsoft.Expression.Interactivity.Core.DataStateBehavior.Evaluate()
   bei Microsoft.Expression.Interactivity.Core.DataStateBehavior.OnBindingChanged(DependencyObject obj, DependencyPropertyChangedEventArgs args)
   bei System.Windows.DependencyObject.OnPropertyChanged(DependencyPropertyChangedEventArgs e)
   bei System.Windows.Freezable.OnPropertyChanged(DependencyPropertyChangedEventArgs e)
   bei System.Windows.DependencyObject.NotifyPropertyChange(DependencyPropertyChangedEventArgs args)
   bei System.Windows.DependencyObject.UpdateEffectiveValue(EntryIndex entryIndex, DependencyProperty dp, PropertyMetadata metadata, EffectiveValueEntry oldEntry, EffectiveValueEntry& newEntry, Boolean coerceWithDeferredReference, Boolean coerceWithCurrentValue, OperationType operationType)
   bei System.Windows.DependencyObject.InvalidateProperty(DependencyProperty dp, Boolean preserveCurrentValue)
   bei System.Windows.Data.BindingExpressionBase.Invalidate(Boolean isASubPropertyChange)
   bei System.Windows.Data.BindingExpression.TransferValue(Object newValue, Boolean isASubPropertyChange)
   bei System.Windows.Data.BindingExpression.ScheduleTransfer(Boolean isASubPropertyChange)
   bei MS.Internal.Data.ClrBindingWorker.NewValueAvailable(Boolean dependencySourcesChanged, Boolean initialValue, Boolean isASubPropertyChange)
   bei MS.Internal.Data.PropertyPathWorker.UpdateSourceValueState(Int32 k, ICollectionView collectionView, Object newValue, Boolean isASubPropertyChange)
   bei MS.Internal.Data.ClrBindingWorker.OnSourcePropertyChanged(Object o, String propName)
   bei MS.Internal.Data.PropertyPathWorker.OnPropertyChanged(Object sender, PropertyChangedEventArgs e)
   bei System.Windows.WeakEventManager.ListenerList`1.DeliverEvent(Object sender, EventArgs e, Type managerType)
   bei System.ComponentModel.PropertyChangedEventManager.OnPropertyChanged(Object sender, PropertyChangedEventArgs args)
   bei Ufo.Commander.ViewModel.ViewModelBase.RaisePropertyChangedEvent(String propertyName) in E:\Fachhochschule\FH\Dropbox\Dropbox\FH\Semester5\SWK5\Project\Ufo\Ufo.Commander.ViewModel\ViewModelBase.cs:Zeile 18.
   bei Ufo.Commander.ViewModel.Basic.LocationViewModel.set_IsValid(Nullable`1 value) in E:\Fachhochschule\FH\Dropbox\Dropbox\FH\Semester5\SWK5\Project\Ufo\Ufo.Commander.ViewModel\Basic\LocationViewModel.cs:Zeile 97.
   bei Ufo.Commander.ViewModel.Basic.LocationViewModel.UpdateValidationSummary(ValidationResult validationResult) in E:\Fachhochschule\FH\Dropbox\Dropbox\FH\Semester5\SWK5\Project\Ufo\Ufo.Commander.ViewModel\Basic\LocationViewModel.cs:Zeile 122.
   bei Ufo.Commander.ViewModel.Basic.LocationViewModel.OnValidationResultChanged(Object sender, ValidationResultChangedEventArgs e) in E:\Fachhochschule\FH\Dropbox\Dropbox\FH\Semester5\SWK5\Project\Ufo\Ufo.Commander.ViewModel\Basic\LocationViewModel.cs:Zeile 117.
   bei MvvmValidation.ValidationHelper.NotifyResultChanged(Object target, ValidationResult newResult, SynchronizationContext syncContext, Boolean useSyncContext)
   bei MvvmValidation.ValidationHelper.<>c__DisplayClass29.<NotifyResultChanged>b__27(Object _)
   bei System.Windows.Threading.ExceptionWrapper.InternalRealCall(Delegate callback, Object args, Int32 numArgs)
   bei System.Windows.Threading.ExceptionWrapper.TryCatchWhen(Object source, Delegate callback, Object args, Int32 numArgs, Delegate catchHandler)
2015-12-20 22:51:50.7883 |                INFO |                Start application |                Ufo.Commander.App 
2015-12-20 22:52:08.1003 |                FATAL |                Unhandler exception thrown! |                Ufo.Commander.App 
System.InvalidOperationException: Der Name "ErrorsSummaryContainer" kann im Namensbereich von "System.Windows.Controls.StackPanel" nicht gefunden werden.
   bei System.Windows.Media.Animation.Storyboard.ResolveTargetName(String targetName, INameScope nameScope, DependencyObject element)
   bei System.Windows.Media.Animation.Storyboard.ClockTreeWalkRecursive(Clock currentClock, DependencyObject containingObject, INameScope nameScope, DependencyObject parentObject, String parentObjectName, PropertyPath parentPropertyPath, HandoffBehavior handoffBehavior, HybridDictionary clockMappings, Int64 layer)
   bei System.Windows.Media.Animation.Storyboard.ClockTreeWalkRecursive(Clock currentClock, DependencyObject containingObject, INameScope nameScope, DependencyObject parentObject, String parentObjectName, PropertyPath parentPropertyPath, HandoffBehavior handoffBehavior, HybridDictionary clockMappings, Int64 layer)
   bei System.Windows.Media.Animation.Storyboard.BeginCommon(DependencyObject containingObject, INameScope nameScope, HandoffBehavior handoffBehavior, Boolean isControllable, Int64 layer)
   bei System.Windows.VisualStateGroup.StartNewThenStopOld(FrameworkElement element, Storyboard[] newStoryboards)
   bei System.Windows.VisualStateManager.GoToStateInternal(FrameworkElement control, FrameworkElement stateGroupsRoot, VisualStateGroup group, VisualState state, Boolean useTransitions)
   bei System.Windows.VisualStateManager.GoToStateCommon(FrameworkElement control, FrameworkElement stateGroupsRoot, String stateName, Boolean useTransitions)
   bei System.Windows.VisualStateManager.GoToState(FrameworkElement control, String stateName, Boolean useTransitions)
   bei Microsoft.Expression.Interactivity.VisualStateUtilities.GoToState(FrameworkElement element, String stateName, Boolean useTransitions)
   bei Microsoft.Expression.Interactivity.Core.DataStateBehavior.Evaluate()
   bei Microsoft.Expression.Interactivity.Core.DataStateBehavior.OnBindingChanged(DependencyObject obj, DependencyPropertyChangedEventArgs args)
   bei System.Windows.DependencyObject.OnPropertyChanged(DependencyPropertyChangedEventArgs e)
   bei System.Windows.Freezable.OnPropertyChanged(DependencyPropertyChangedEventArgs e)
   bei System.Windows.DependencyObject.NotifyPropertyChange(DependencyPropertyChangedEventArgs args)
   bei System.Windows.DependencyObject.UpdateEffectiveValue(EntryIndex entryIndex, DependencyProperty dp, PropertyMetadata metadata, EffectiveValueEntry oldEntry, EffectiveValueEntry& newEntry, Boolean coerceWithDeferredReference, Boolean coerceWithCurrentValue, OperationType operationType)
   bei System.Windows.DependencyObject.InvalidateProperty(DependencyProperty dp, Boolean preserveCurrentValue)
   bei System.Windows.Data.BindingExpressionBase.Invalidate(Boolean isASubPropertyChange)
   bei System.Windows.Data.BindingExpression.TransferValue(Object newValue, Boolean isASubPropertyChange)
   bei System.Windows.Data.BindingExpression.ScheduleTransfer(Boolean isASubPropertyChange)
   bei MS.Internal.Data.ClrBindingWorker.NewValueAvailable(Boolean dependencySourcesChanged, Boolean initialValue, Boolean isASubPropertyChange)
   bei MS.Internal.Data.PropertyPathWorker.UpdateSourceValueState(Int32 k, ICollectionView collectionView, Object newValue, Boolean isASubPropertyChange)
   bei MS.Internal.Data.ClrBindingWorker.OnSourcePropertyChanged(Object o, String propName)
   bei MS.Internal.Data.PropertyPathWorker.OnPropertyChanged(Object sender, PropertyChangedEventArgs e)
   bei System.Windows.WeakEventManager.ListenerList`1.DeliverEvent(Object sender, EventArgs e, Type managerType)
   bei System.ComponentModel.PropertyChangedEventManager.OnPropertyChanged(Object sender, PropertyChangedEventArgs args)
   bei Ufo.Commander.ViewModel.ViewModelBase.RaisePropertyChangedEvent(String propertyName) in E:\Fachhochschule\FH\Dropbox\Dropbox\FH\Semester5\SWK5\Project\Ufo\Ufo.Commander.ViewModel\ViewModelBase.cs:Zeile 18.
   bei Ufo.Commander.ViewModel.Basic.LocationViewModel.set_IsValid(Nullable`1 value) in E:\Fachhochschule\FH\Dropbox\Dropbox\FH\Semester5\SWK5\Project\Ufo\Ufo.Commander.ViewModel\Basic\LocationViewModel.cs:Zeile 97.
   bei Ufo.Commander.ViewModel.Basic.LocationViewModel.UpdateValidationSummary(ValidationResult validationResult) in E:\Fachhochschule\FH\Dropbox\Dropbox\FH\Semester5\SWK5\Project\Ufo\Ufo.Commander.ViewModel\Basic\LocationViewModel.cs:Zeile 122.
   bei Ufo.Commander.ViewModel.Basic.LocationViewModel.OnValidationResultChanged(Object sender, ValidationResultChangedEventArgs e) in E:\Fachhochschule\FH\Dropbox\Dropbox\FH\Semester5\SWK5\Project\Ufo\Ufo.Commander.ViewModel\Basic\LocationViewModel.cs:Zeile 117.
   bei MvvmValidation.ValidationHelper.NotifyResultChanged(Object target, ValidationResult newResult, SynchronizationContext syncContext, Boolean useSyncContext)
   bei MvvmValidation.ValidationHelper.<>c__DisplayClass29.<NotifyResultChanged>b__27(Object _)
   bei System.Windows.Threading.ExceptionWrapper.InternalRealCall(Delegate callback, Object args, Int32 numArgs)
   bei System.Windows.Threading.ExceptionWrapper.TryCatchWhen(Object source, Delegate callback, Object args, Int32 numArgs, Delegate catchHandler)
2015-12-20 22:53:38.1264 |                INFO |                Start application |                Ufo.Commander.App 
