2015-12-30 14:01:46.5321 |                INFO |                Start application |                Ufo.Commander.App 
2015-12-30 14:12:29.2408 |                INFO |                Start application |                Ufo.Commander.App 
2015-12-30 14:14:39.7623 |                INFO |                Start application |                Ufo.Commander.App 
2015-12-30 14:15:44.5290 |                INFO |                Start application |                Ufo.Commander.App 
2015-12-30 14:23:38.5611 |                INFO |                Start application |                Ufo.Commander.App 
2015-12-30 14:24:49.6442 |                INFO |                Start application |                Ufo.Commander.App 
2015-12-30 14:25:28.8924 |                INFO |                Start application |                Ufo.Commander.App 
2015-12-30 14:27:10.7692 |                INFO |                Start application |                Ufo.Commander.App 
2015-12-30 14:27:24.6310 |                FATAL |                Unhandler exception thrown! |                Ufo.Commander.App 
System.Windows.Markup.XamlParseException: Zeilennummer "8" und Zeilenposition "9" von "Durch den Aufruf des Konstruktors für Typ "Ufo.Commander.Views.MainWindow", der den angegebenen Bindungseinschränkungen entspricht, wurde eine Ausnahme ausgelöst.". ---> System.AccessViolationException: Es wurde versucht, im geschützten Speicher zu lesen oder zu schreiben. Dies ist häufig ein Hinweis darauf, dass anderer Speicher beschädigt ist.
   bei MS.Win32.UnsafeNativeMethods.DispatchMessage(MSG& msg)
   bei System.Windows.Threading.Dispatcher.PushFrameImpl(DispatcherFrame frame)
   bei System.Windows.Threading.Dispatcher.PushFrame(DispatcherFrame frame)
   bei System.Windows.Window.ShowHelper(Object booleanBox)
   bei System.Windows.Window.Show()
   bei System.Windows.Window.ShowDialog()
   bei Ufo.Commander.Views.MainWindow..ctor() in E:\Fachhochschule\FH\Dropbox\Dropbox\FH\Semester5\SWK5\Project\Ufo\Ufo.Commander\Views\MainWindow.xaml.cs:Zeile 35.
   --- Ende der internen Ausnahmestapelüberwachung ---
   bei System.Windows.Markup.WpfXamlLoader.Load(XamlReader xamlReader, IXamlObjectWriterFactory writerFactory, Boolean skipJournaledProperties, Object rootObject, XamlObjectWriterSettings settings, Uri baseUri)
   bei System.Windows.Markup.WpfXamlLoader.LoadBaml(XamlReader xamlReader, Boolean skipJournaledProperties, Object rootObject, XamlAccessLevel accessLevel, Uri baseUri)
   bei System.Windows.Markup.XamlReader.LoadBaml(Stream stream, ParserContext parserContext, Object parent, Boolean closeStream)
   bei System.Windows.Application.LoadBamlStreamWithSyncInfo(Stream stream, ParserContext pc)
   bei System.Windows.Application.LoadComponent(Uri resourceLocator, Boolean bSkipJournaledProperties)
   bei System.Windows.Application.DoStartup()
   bei System.Windows.Application.<_ctor>b__0(Object unused)
   bei System.Windows.Threading.ExceptionWrapper.InternalRealCall(Delegate callback, Object args, Int32 numArgs)
   bei System.Windows.Threading.ExceptionWrapper.TryCatchWhen(Object source, Delegate callback, Object args, Int32 numArgs, Delegate catchHandler)
2015-12-30 14:27:34.7956 |                INFO |                Start application |                Ufo.Commander.App 
2015-12-30 14:28:25.0915 |                INFO |                Start application |                Ufo.Commander.App 
2015-12-30 14:30:17.0209 |                INFO |                Start application |                Ufo.Commander.App 
2015-12-30 14:31:08.7679 |                INFO |                Start application |                Ufo.Commander.App 
2015-12-30 14:32:27.5344 |                INFO |                Start application |                Ufo.Commander.App 
2015-12-30 14:41:31.6345 |                INFO |                Start application |                Ufo.Commander.App 
2015-12-30 14:43:50.7254 |                INFO |                Start application |                Ufo.Commander.App 
2015-12-30 14:44:33.3629 |                INFO |                Start application |                Ufo.Commander.App 
2015-12-30 14:47:52.4353 |                INFO |                Start application |                Ufo.Commander.App 
2015-12-30 14:51:50.2219 |                INFO |                Start application |                Ufo.Commander.App 
2015-12-30 14:52:47.2871 |                INFO |                Start application |                Ufo.Commander.App 
2015-12-30 14:54:30.2000 |                INFO |                Start application |                Ufo.Commander.App 
2015-12-30 14:55:14.9426 |                INFO |                Start application |                Ufo.Commander.App 
2015-12-30 14:57:39.5778 |                INFO |                Start application |                Ufo.Commander.App 
2015-12-30 14:58:09.8706 |                INFO |                Start application |                Ufo.Commander.App 
2015-12-30 14:58:38.2742 |                INFO |                Start application |                Ufo.Commander.App 
2015-12-30 14:59:17.7565 |                INFO |                Start application |                Ufo.Commander.App 
