2015-12-20 23:00:53.0123 |                INFO |                Start application |                Ufo.Commander.App 
2015-12-20 23:06:00.6129 |                INFO |                Start application |                Ufo.Commander.App 
2015-12-20 23:06:03.6871 |                FATAL |                Unhandler exception thrown! |                Ufo.Commander.App 
System.ArgumentException: Ein Status mit der Bezeichnung "ValidState" für Typ "LocationControl" kann nicht gefunden werden. Stellen Sie sicher, dass der Zustand vorhanden ist und von diesem Kontext darauf zugegriffen werden kann.
   bei Microsoft.Expression.Interactivity.Core.DataStateBehavior.ValidateStateName(String stateName)
   bei Microsoft.Expression.Interactivity.Core.DataStateBehavior.ValidateStateNames()
   bei Microsoft.Expression.Interactivity.Core.DataStateBehavior.<ValidateStateNamesDeferred>b__0(Object o, RoutedEventArgs e)
   bei System.Windows.RoutedEventHandlerInfo.InvokeHandler(Object target, RoutedEventArgs routedEventArgs)
   bei System.Windows.EventRoute.InvokeHandlersImpl(Object source, RoutedEventArgs args, Boolean reRaised)
   bei System.Windows.UIElement.RaiseEventImpl(DependencyObject sender, RoutedEventArgs args)
   bei System.Windows.UIElement.RaiseEvent(RoutedEventArgs e)
   bei System.Windows.BroadcastEventHelper.BroadcastEvent(DependencyObject root, RoutedEvent routedEvent)
   bei System.Windows.BroadcastEventHelper.BroadcastLoadedEvent(Object root)
   bei MS.Internal.LoadedOrUnloadedOperation.DoWork()
   bei System.Windows.Media.MediaContext.FireLoadedPendingCallbacks()
   bei System.Windows.Media.MediaContext.FireInvokeOnRenderCallbacks()
   bei System.Windows.Media.MediaContext.RenderMessageHandlerCore(Object resizedCompositionTarget)
   bei System.Windows.Media.MediaContext.RenderMessageHandler(Object resizedCompositionTarget)
   bei System.Windows.Media.MediaContext.Resize(ICompositionTarget resizedCompositionTarget)
   bei System.Windows.Interop.HwndTarget.OnResize()
   bei System.Windows.Interop.HwndTarget.HandleMessage(WindowMessage msg, IntPtr wparam, IntPtr lparam)
   bei System.Windows.Interop.HwndSource.HwndTargetFilterMessage(IntPtr hwnd, Int32 msg, IntPtr wParam, IntPtr lParam, Boolean& handled)
   bei MS.Win32.HwndWrapper.WndProc(IntPtr hwnd, Int32 msg, IntPtr wParam, IntPtr lParam, Boolean& handled)
   bei MS.Win32.HwndSubclass.DispatcherCallbackOperation(Object o)
   bei System.Windows.Threading.ExceptionWrapper.InternalRealCall(Delegate callback, Object args, Int32 numArgs)
   bei System.Windows.Threading.ExceptionWrapper.TryCatchWhen(Object source, Delegate callback, Object args, Int32 numArgs, Delegate catchHandler)
2015-12-20 23:06:05.7002 |                FATAL |                Unhandler exception thrown! |                Ufo.Commander.App 
System.ArgumentException: Ein Status mit der Bezeichnung "ValidState" für Typ "LocationControl" kann nicht gefunden werden. Stellen Sie sicher, dass der Zustand vorhanden ist und von diesem Kontext darauf zugegriffen werden kann.
   bei Microsoft.Expression.Interactivity.Core.DataStateBehavior.ValidateStateName(String stateName)
   bei Microsoft.Expression.Interactivity.Core.DataStateBehavior.ValidateStateNames()
   bei Microsoft.Expression.Interactivity.Core.DataStateBehavior.<ValidateStateNamesDeferred>b__0(Object o, RoutedEventArgs e)
   bei System.Windows.RoutedEventHandlerInfo.InvokeHandler(Object target, RoutedEventArgs routedEventArgs)
   bei System.Windows.EventRoute.InvokeHandlersImpl(Object source, RoutedEventArgs args, Boolean reRaised)
   bei System.Windows.UIElement.RaiseEventImpl(DependencyObject sender, RoutedEventArgs args)
   bei System.Windows.UIElement.RaiseEvent(RoutedEventArgs e)
   bei System.Windows.BroadcastEventHelper.BroadcastEvent(DependencyObject root, RoutedEvent routedEvent)
   bei System.Windows.BroadcastEventHelper.BroadcastLoadedEvent(Object root)
   bei MS.Internal.LoadedOrUnloadedOperation.DoWork()
   bei System.Windows.Media.MediaContext.FireLoadedPendingCallbacks()
   bei System.Windows.Media.MediaContext.FireInvokeOnRenderCallbacks()
   bei System.Windows.Media.MediaContext.RenderMessageHandlerCore(Object resizedCompositionTarget)
   bei System.Windows.Media.MediaContext.RenderMessageHandler(Object resizedCompositionTarget)
   bei System.Windows.Threading.ExceptionWrapper.InternalRealCall(Delegate callback, Object args, Int32 numArgs)
   bei System.Windows.Threading.ExceptionWrapper.TryCatchWhen(Object source, Delegate callback, Object args, Int32 numArgs, Delegate catchHandler)
2015-12-20 23:13:10.3375 |                INFO |                Start application |                Ufo.Commander.App 
2015-12-20 23:13:13.6227 |                FATAL |                Unhandler exception thrown! |                Ufo.Commander.App 
System.ArgumentException: Ein Status mit der Bezeichnung "ValidState" für Typ "LocationControl" kann nicht gefunden werden. Stellen Sie sicher, dass der Zustand vorhanden ist und von diesem Kontext darauf zugegriffen werden kann.
   bei Microsoft.Expression.Interactivity.Core.DataStateBehavior.ValidateStateName(String stateName)
   bei Microsoft.Expression.Interactivity.Core.DataStateBehavior.ValidateStateNames()
   bei Microsoft.Expression.Interactivity.Core.DataStateBehavior.<ValidateStateNamesDeferred>b__0(Object o, RoutedEventArgs e)
   bei System.Windows.RoutedEventHandlerInfo.InvokeHandler(Object target, RoutedEventArgs routedEventArgs)
   bei System.Windows.EventRoute.InvokeHandlersImpl(Object source, RoutedEventArgs args, Boolean reRaised)
   bei System.Windows.UIElement.RaiseEventImpl(DependencyObject sender, RoutedEventArgs args)
   bei System.Windows.UIElement.RaiseEvent(RoutedEventArgs e)
   bei System.Windows.BroadcastEventHelper.BroadcastEvent(DependencyObject root, RoutedEvent routedEvent)
   bei System.Windows.BroadcastEventHelper.BroadcastLoadedEvent(Object root)
   bei MS.Internal.LoadedOrUnloadedOperation.DoWork()
   bei System.Windows.Media.MediaContext.FireLoadedPendingCallbacks()
   bei System.Windows.Media.MediaContext.FireInvokeOnRenderCallbacks()
   bei System.Windows.Media.MediaContext.RenderMessageHandlerCore(Object resizedCompositionTarget)
   bei System.Windows.Media.MediaContext.RenderMessageHandler(Object resizedCompositionTarget)
   bei System.Windows.Media.MediaContext.Resize(ICompositionTarget resizedCompositionTarget)
   bei System.Windows.Interop.HwndTarget.OnResize()
   bei System.Windows.Interop.HwndTarget.HandleMessage(WindowMessage msg, IntPtr wparam, IntPtr lparam)
   bei System.Windows.Interop.HwndSource.HwndTargetFilterMessage(IntPtr hwnd, Int32 msg, IntPtr wParam, IntPtr lParam, Boolean& handled)
   bei MS.Win32.HwndWrapper.WndProc(IntPtr hwnd, Int32 msg, IntPtr wParam, IntPtr lParam, Boolean& handled)
   bei MS.Win32.HwndSubclass.DispatcherCallbackOperation(Object o)
   bei System.Windows.Threading.ExceptionWrapper.InternalRealCall(Delegate callback, Object args, Int32 numArgs)
   bei System.Windows.Threading.ExceptionWrapper.TryCatchWhen(Object source, Delegate callback, Object args, Int32 numArgs, Delegate catchHandler)
2015-12-20 23:13:15.4488 |                FATAL |                Unhandler exception thrown! |                Ufo.Commander.App 
System.ArgumentException: Ein Status mit der Bezeichnung "ValidState" für Typ "LocationControl" kann nicht gefunden werden. Stellen Sie sicher, dass der Zustand vorhanden ist und von diesem Kontext darauf zugegriffen werden kann.
   bei Microsoft.Expression.Interactivity.Core.DataStateBehavior.ValidateStateName(String stateName)
   bei Microsoft.Expression.Interactivity.Core.DataStateBehavior.ValidateStateNames()
   bei Microsoft.Expression.Interactivity.Core.DataStateBehavior.<ValidateStateNamesDeferred>b__0(Object o, RoutedEventArgs e)
   bei System.Windows.RoutedEventHandlerInfo.InvokeHandler(Object target, RoutedEventArgs routedEventArgs)
   bei System.Windows.EventRoute.InvokeHandlersImpl(Object source, RoutedEventArgs args, Boolean reRaised)
   bei System.Windows.UIElement.RaiseEventImpl(DependencyObject sender, RoutedEventArgs args)
   bei System.Windows.UIElement.RaiseEvent(RoutedEventArgs e)
   bei System.Windows.BroadcastEventHelper.BroadcastEvent(DependencyObject root, RoutedEvent routedEvent)
   bei System.Windows.BroadcastEventHelper.BroadcastLoadedEvent(Object root)
   bei MS.Internal.LoadedOrUnloadedOperation.DoWork()
   bei System.Windows.Media.MediaContext.FireLoadedPendingCallbacks()
   bei System.Windows.Media.MediaContext.FireInvokeOnRenderCallbacks()
   bei System.Windows.Media.MediaContext.RenderMessageHandlerCore(Object resizedCompositionTarget)
   bei System.Windows.Media.MediaContext.RenderMessageHandler(Object resizedCompositionTarget)
   bei System.Windows.Threading.ExceptionWrapper.InternalRealCall(Delegate callback, Object args, Int32 numArgs)
   bei System.Windows.Threading.ExceptionWrapper.TryCatchWhen(Object source, Delegate callback, Object args, Int32 numArgs, Delegate catchHandler)
2015-12-20 23:15:57.8731 |                INFO |                Start application |                Ufo.Commander.App 
2015-12-20 23:17:14.6815 |                INFO |                Start application |                Ufo.Commander.App 
2015-12-20 23:19:46.7412 |                INFO |                Start application |                Ufo.Commander.App 
2015-12-20 23:21:01.3794 |                INFO |                Start application |                Ufo.Commander.App 
2015-12-20 23:22:03.3230 |                INFO |                Start application |                Ufo.Commander.App 
2015-12-20 23:53:58.2405 |                INFO |                Start application |                Ufo.Commander.App 
2015-12-20 23:55:44.9966 |                INFO |                Start application |                Ufo.Commander.App 
2015-12-20 23:59:43.0612 |                INFO |                Start application |                Ufo.Commander.App 
