2016-01-06 17:31:17.2243 |                INFO |                Start application |                Ufo.Commander.App 
2016-01-06 17:32:35.9868 |                INFO |                Start application |                Ufo.Commander.App 
2016-01-06 17:33:26.4586 |                INFO |                Start application |                Ufo.Commander.App 
2016-01-06 17:33:39.4464 |                FATAL |                Unhandler exception thrown! |                Ufo.Commander.App 
System.Windows.Markup.XamlParseException: Zeilennummer "8" und Zeilenposition "9" von "Durch den Aufruf des Konstruktors für Typ "Ufo.Commander.Views.MainWindow", der den angegebenen Bindungseinschränkungen entspricht, wurde eine Ausnahme ausgelöst.". ---> System.AccessViolationException: Es wurde versucht, im geschützten Speicher zu lesen oder zu schreiben. Dies ist häufig ein Hinweis darauf, dass anderer Speicher beschädigt ist.
   bei MS.Win32.UnsafeNativeMethods.DispatchMessage(MSG& msg)
   bei System.Windows.Threading.Dispatcher.PushFrameImpl(DispatcherFrame frame)
   bei System.Windows.Threading.Dispatcher.PushFrame(DispatcherFrame frame)
   bei System.Windows.Window.ShowHelper(Object booleanBox)
   bei System.Windows.Window.Show()
   bei System.Windows.Window.ShowDialog()
   bei Ufo.Commander.Views.MainWindow..ctor() in E:\Fachhochschule\FH\Dropbox\Dropbox\FH\Semester5\SWK5\Project\Ufo\Ufo.Commander\Views\MainWindow.xaml.cs:Zeile 39.
   --- Ende der internen Ausnahmestapelüberwachung ---
   bei System.Windows.Markup.WpfXamlLoader.Load(XamlReader xamlReader, IXamlObjectWriterFactory writerFactory, Boolean skipJournaledProperties, Object rootObject, XamlObjectWriterSettings settings, Uri baseUri)
   bei System.Windows.Markup.WpfXamlLoader.LoadBaml(XamlReader xamlReader, Boolean skipJournaledProperties, Object rootObject, XamlAccessLevel accessLevel, Uri baseUri)
   bei System.Windows.Markup.XamlReader.LoadBaml(Stream stream, ParserContext parserContext, Object parent, Boolean closeStream)
   bei System.Windows.Application.LoadBamlStreamWithSyncInfo(Stream stream, ParserContext pc)
   bei System.Windows.Application.LoadComponent(Uri resourceLocator, Boolean bSkipJournaledProperties)
   bei System.Windows.Application.DoStartup()
   bei System.Windows.Application.<_ctor>b__0(Object unused)
   bei System.Windows.Threading.ExceptionWrapper.InternalRealCall(Delegate callback, Object args, Int32 numArgs)
   bei System.Windows.Threading.ExceptionWrapper.TryCatchWhen(Object source, Delegate callback, Object args, Int32 numArgs, Delegate catchHandler)
2016-01-06 17:34:25.3060 |                INFO |                Start application |                Ufo.Commander.App 
2016-01-06 17:53:57.6726 |                INFO |                Start application |                Ufo.Commander.App 
2016-01-06 17:54:22.6279 |                INFO |                Start application |                Ufo.Commander.App 
2016-01-06 17:57:32.8247 |                INFO |                Start application |                Ufo.Commander.App 
2016-01-06 17:57:59.0241 |                INFO |                Start application |                Ufo.Commander.App 
